\\BOURNEMOUTH.AC.UK\DATA\STUDENT\HOME\DEC\I7671967\VISUAL STUDIO 2010\PROJECTS\ASSIGNMENTS\TRIGCALCULATOR\DEBUG\TRIGCALCULATOR.EXE
\\BOURNEMOUTH.AC.UK\DATA\STUDENT\HOME\DEC\I7671967\VISUAL STUDIO 2010\PROJECTS\ASSIGNMENTS\TRIGCALCULATOR\DEBUG\TRIGCALCULATOR.ILK
\\BOURNEMOUTH.AC.UK\DATA\STUDENT\HOME\DEC\I7671967\VISUAL STUDIO 2010\PROJECTS\ASSIGNMENTS\TRIGCALCULATOR\DEBUG\TRIGCALCULATOR.PDB
\\BOURNEMOUTH.AC.UK\DATA\STUDENT\HOME\DEC\I7671967\VISUAL STUDIO 2010\PROJECTS\ASSIGNMENTS\TRIGCALCULATOR\TRIGCALCULATOR\DEBUG\MAIN.OBJ
\\BOURNEMOUTH.AC.UK\DATA\STUDENT\HOME\DEC\I7671967\VISUAL STUDIO 2010\PROJECTS\ASSIGNMENTS\TRIGCALCULATOR\TRIGCALCULATOR\DEBUG\TRIANGLE.OBJ
\\BOURNEMOUTH.AC.UK\DATA\STUDENT\HOME\DEC\I7671967\VISUAL STUDIO 2010\PROJECTS\ASSIGNMENTS\TRIGCALCULATOR\TRIGCALCULATOR\DEBUG\TRIGCALCULATOR.EXE.EMBED.MANIFEST.RES
\\BOURNEMOUTH.AC.UK\DATA\STUDENT\HOME\DEC\I7671967\VISUAL STUDIO 2010\PROJECTS\ASSIGNMENTS\TRIGCALCULATOR\TRIGCALCULATOR\DEBUG\VC100.PDB
C:\USERS\VICTOR\DESKTOP\TRIGCALCULATOR\DEBUG\TRIGCALCULATOR.EXE
C:\USERS\VICTOR\DESKTOP\TRIGCALCULATOR\DEBUG\TRIGCALCULATOR.ILK
C:\USERS\VICTOR\DESKTOP\TRIGCALCULATOR\DEBUG\TRIGCALCULATOR.PDB
C:\Users\Victor\Desktop\TrigCalculator\TrigCalculator\Debug\cl.command.1.tlog
C:\Users\Victor\Desktop\TrigCalculator\TrigCalculator\Debug\CL.read.1.tlog
C:\Users\Victor\Desktop\TrigCalculator\TrigCalculator\Debug\CL.write.1.tlog
C:\Users\Victor\Desktop\TrigCalculator\TrigCalculator\Debug\link.1072.read.1.tlog
C:\Users\Victor\Desktop\TrigCalculator\TrigCalculator\Debug\link.1072.write.1.tlog
C:\Users\Victor\Desktop\TrigCalculator\TrigCalculator\Debug\link.1072-cvtres.read.1.tlog
C:\Users\Victor\Desktop\TrigCalculator\TrigCalculator\Debug\link.1072-cvtres.write.1.tlog
C:\Users\Victor\Desktop\TrigCalculator\TrigCalculator\Debug\link.5252.read.1.tlog
C:\Users\Victor\Desktop\TrigCalculator\TrigCalculator\Debug\link.5252.write.1.tlog
C:\Users\Victor\Desktop\TrigCalculator\TrigCalculator\Debug\link.5252-cvtres.read.1.tlog
C:\Users\Victor\Desktop\TrigCalculator\TrigCalculator\Debug\link.5252-cvtres.write.1.tlog
C:\Users\Victor\Desktop\TrigCalculator\TrigCalculator\Debug\link.5512.read.1.tlog
C:\Users\Victor\Desktop\TrigCalculator\TrigCalculator\Debug\link.5512.write.1.tlog
C:\Users\Victor\Desktop\TrigCalculator\TrigCalculator\Debug\link.5512-cvtres.read.1.tlog
C:\Users\Victor\Desktop\TrigCalculator\TrigCalculator\Debug\link.5512-cvtres.write.1.tlog
C:\Users\Victor\Desktop\TrigCalculator\TrigCalculator\Debug\link.5528.read.1.tlog
C:\Users\Victor\Desktop\TrigCalculator\TrigCalculator\Debug\link.5528.write.1.tlog
C:\Users\Victor\Desktop\TrigCalculator\TrigCalculator\Debug\link.5528-cvtres.read.1.tlog
C:\Users\Victor\Desktop\TrigCalculator\TrigCalculator\Debug\link.5528-cvtres.write.1.tlog
C:\Users\Victor\Desktop\TrigCalculator\TrigCalculator\Debug\link.6340.read.1.tlog
C:\Users\Victor\Desktop\TrigCalculator\TrigCalculator\Debug\link.6340.write.1.tlog
C:\Users\Victor\Desktop\TrigCalculator\TrigCalculator\Debug\link.6340-cvtres.read.1.tlog
C:\Users\Victor\Desktop\TrigCalculator\TrigCalculator\Debug\link.6340-cvtres.write.1.tlog
C:\Users\Victor\Desktop\TrigCalculator\TrigCalculator\Debug\link.6412.read.1.tlog
C:\Users\Victor\Desktop\TrigCalculator\TrigCalculator\Debug\link.6412.write.1.tlog
C:\Users\Victor\Desktop\TrigCalculator\TrigCalculator\Debug\link.6412-cvtres.read.1.tlog
C:\Users\Victor\Desktop\TrigCalculator\TrigCalculator\Debug\link.6412-cvtres.write.1.tlog
C:\Users\Victor\Desktop\TrigCalculator\TrigCalculator\Debug\link.6544.read.1.tlog
C:\Users\Victor\Desktop\TrigCalculator\TrigCalculator\Debug\link.6544.write.1.tlog
C:\Users\Victor\Desktop\TrigCalculator\TrigCalculator\Debug\link.6544-cvtres.read.1.tlog
C:\Users\Victor\Desktop\TrigCalculator\TrigCalculator\Debug\link.6544-cvtres.write.1.tlog
C:\Users\Victor\Desktop\TrigCalculator\TrigCalculator\Debug\link.6752.read.1.tlog
C:\Users\Victor\Desktop\TrigCalculator\TrigCalculator\Debug\link.6752.write.1.tlog
C:\Users\Victor\Desktop\TrigCalculator\TrigCalculator\Debug\link.6752-cvtres.read.1.tlog
C:\Users\Victor\Desktop\TrigCalculator\TrigCalculator\Debug\link.6752-cvtres.write.1.tlog
C:\Users\Victor\Desktop\TrigCalculator\TrigCalculator\Debug\link.6808.read.1.tlog
C:\Users\Victor\Desktop\TrigCalculator\TrigCalculator\Debug\link.6808.write.1.tlog
C:\Users\Victor\Desktop\TrigCalculator\TrigCalculator\Debug\link.6808-cvtres.read.1.tlog
C:\Users\Victor\Desktop\TrigCalculator\TrigCalculator\Debug\link.6808-cvtres.write.1.tlog
C:\Users\Victor\Desktop\TrigCalculator\TrigCalculator\Debug\link.6832.read.1.tlog
C:\Users\Victor\Desktop\TrigCalculator\TrigCalculator\Debug\link.6832.write.1.tlog
C:\Users\Victor\Desktop\TrigCalculator\TrigCalculator\Debug\link.6832-cvtres.read.1.tlog
C:\Users\Victor\Desktop\TrigCalculator\TrigCalculator\Debug\link.6832-cvtres.write.1.tlog
C:\Users\Victor\Desktop\TrigCalculator\TrigCalculator\Debug\link.6904.read.1.tlog
C:\Users\Victor\Desktop\TrigCalculator\TrigCalculator\Debug\link.6904.write.1.tlog
C:\Users\Victor\Desktop\TrigCalculator\TrigCalculator\Debug\link.6904-cvtres.read.1.tlog
C:\Users\Victor\Desktop\TrigCalculator\TrigCalculator\Debug\link.6904-cvtres.write.1.tlog
C:\Users\Victor\Desktop\TrigCalculator\TrigCalculator\Debug\link.7472.read.1.tlog
C:\Users\Victor\Desktop\TrigCalculator\TrigCalculator\Debug\link.7472.write.1.tlog
C:\Users\Victor\Desktop\TrigCalculator\TrigCalculator\Debug\link.7472-cvtres.read.1.tlog
C:\Users\Victor\Desktop\TrigCalculator\TrigCalculator\Debug\link.7472-cvtres.write.1.tlog
C:\Users\Victor\Desktop\TrigCalculator\TrigCalculator\Debug\link.7540.read.1.tlog
C:\Users\Victor\Desktop\TrigCalculator\TrigCalculator\Debug\link.7540.write.1.tlog
C:\Users\Victor\Desktop\TrigCalculator\TrigCalculator\Debug\link.7540-cvtres.read.1.tlog
C:\Users\Victor\Desktop\TrigCalculator\TrigCalculator\Debug\link.7540-cvtres.write.1.tlog
C:\Users\Victor\Desktop\TrigCalculator\TrigCalculator\Debug\link.8044.read.1.tlog
C:\Users\Victor\Desktop\TrigCalculator\TrigCalculator\Debug\link.8044.write.1.tlog
C:\Users\Victor\Desktop\TrigCalculator\TrigCalculator\Debug\link.8044-cvtres.read.1.tlog
C:\Users\Victor\Desktop\TrigCalculator\TrigCalculator\Debug\link.8044-cvtres.write.1.tlog
C:\Users\Victor\Desktop\TrigCalculator\TrigCalculator\Debug\link.8896.read.1.tlog
C:\Users\Victor\Desktop\TrigCalculator\TrigCalculator\Debug\link.8896.write.1.tlog
C:\Users\Victor\Desktop\TrigCalculator\TrigCalculator\Debug\link.8896-cvtres.read.1.tlog
C:\Users\Victor\Desktop\TrigCalculator\TrigCalculator\Debug\link.8896-cvtres.write.1.tlog
C:\Users\Victor\Desktop\TrigCalculator\TrigCalculator\Debug\link.9136.read.1.tlog
C:\Users\Victor\Desktop\TrigCalculator\TrigCalculator\Debug\link.9136.write.1.tlog
C:\Users\Victor\Desktop\TrigCalculator\TrigCalculator\Debug\link.9136-cvtres.read.1.tlog
C:\Users\Victor\Desktop\TrigCalculator\TrigCalculator\Debug\link.9136-cvtres.write.1.tlog
C:\Users\Victor\Desktop\TrigCalculator\TrigCalculator\Debug\link.9724.read.1.tlog
C:\Users\Victor\Desktop\TrigCalculator\TrigCalculator\Debug\link.9724.write.1.tlog
C:\Users\Victor\Desktop\TrigCalculator\TrigCalculator\Debug\link.9724-cvtres.read.1.tlog
C:\Users\Victor\Desktop\TrigCalculator\TrigCalculator\Debug\link.9724-cvtres.write.1.tlog
C:\Users\Victor\Desktop\TrigCalculator\TrigCalculator\Debug\link.command.1.tlog
C:\Users\Victor\Desktop\TrigCalculator\TrigCalculator\Debug\link.read.1.tlog
C:\Users\Victor\Desktop\TrigCalculator\TrigCalculator\Debug\link.write.1.tlog
C:\Users\Victor\Desktop\TrigCalculator\TrigCalculator\Debug\link-cvtres.read.1.tlog
C:\Users\Victor\Desktop\TrigCalculator\TrigCalculator\Debug\link-cvtres.write.1.tlog
C:\USERS\VICTOR\DESKTOP\TRIGCALCULATOR\TRIGCALCULATOR\DEBUG\MAIN.OBJ
C:\Users\Victor\Desktop\TrigCalculator\TrigCalculator\Debug\mt.command.1.tlog
C:\Users\Victor\Desktop\TrigCalculator\TrigCalculator\Debug\mt.read.1.tlog
C:\Users\Victor\Desktop\TrigCalculator\TrigCalculator\Debug\mt.write.1.tlog
C:\Users\Victor\Desktop\TrigCalculator\TrigCalculator\Debug\rc.command.1.tlog
C:\Users\Victor\Desktop\TrigCalculator\TrigCalculator\Debug\rc.read.1.tlog
C:\Users\Victor\Desktop\TrigCalculator\TrigCalculator\Debug\rc.write.1.tlog
C:\USERS\VICTOR\DESKTOP\TRIGCALCULATOR\TRIGCALCULATOR\DEBUG\TRIANGLE.OBJ
C:\Users\Victor\Desktop\TrigCalculator\TrigCalculator\Debug\TrigCalculator.exe.embed.manifest
C:\USERS\VICTOR\DESKTOP\TRIGCALCULATOR\TRIGCALCULATOR\DEBUG\TRIGCALCULATOR.EXE.EMBED.MANIFEST.RES
C:\USERS\VICTOR\DESKTOP\TRIGCALCULATOR\TRIGCALCULATOR\DEBUG\TRIGCALCULATOR.EXE.INTERMEDIATE.MANIFEST
C:\Users\Victor\Desktop\TrigCalculator\TrigCalculator\Debug\TrigCalculator.vcxprojResolveAssemblyReference.cache
C:\Users\Victor\Desktop\TrigCalculator\TrigCalculator\Debug\TrigCalculator.write.1.tlog
C:\Users\Victor\Desktop\TrigCalculator\TrigCalculator\Debug\TrigCalculator_manifest.rc
C:\Users\Victor\Desktop\TrigCalculator\TrigCalculator\Debug\vc100.idb
C:\USERS\VICTOR\DESKTOP\TRIGCALCULATOR\TRIGCALCULATOR\DEBUG\VC100.PDB
